****************************************
Report : qor
Design : rippleCarryAdder
Version: U-2022.12-SP7
Date   : Tue Dec 12 19:32:13 2023
****************************************


  Timing Path Group (none)
  -----------------------------------
  Levels of Logic:              35.00
  Critical Path Length:          6.49
  Critical Path Slack:         uninit
  Critical Path Clk Period:       n/a
  Total Negative Slack:          0.00
  No. of Violating Paths:        0.00
  Worst Hold Violation:          0.00
  Total Hold Violation:          0.00
  No. of Hold Violations:        0.00
  -----------------------------------


  Cell Count
  -----------------------------------
  Hierarchical Cell Count:         32
  Hierarchical Port Count:        160
  Leaf Cell Count:                 99
  Buf/Inv Cell Count:               0
  Buf Cell Count:                   0
  Inv Cell Count:                   0
  CT Buf/Inv Cell Count:            0
  Combinational Cell Count:        99
  Sequential Cell Count:            0
  Macro Count:                      0
  -----------------------------------


  Area
  -----------------------------------
  Combinational Area:     1301.299213
  Noncombinational Area:     0.000000
  Buf/Inv Area:              0.000000
  Total Buffer Area:             0.00
  Total Inverter Area:           0.00
  Macro/Black Box Area:      0.000000
  Net Area:                 42.262512
  -----------------------------------
  Cell Area:              1301.299213
  Design Area:            1343.561726


  Design Rules
  -----------------------------------
  Total Number of Nets:           164
  Nets With Violations:             0
  Max Trans Violations:             0
  Max Cap Violations:               0
  -----------------------------------


  Hostname: ip-172-31-17-209.ec2.internal

  Compile CPU Statistics
  -----------------------------------------
  Resource Sharing:                    0.00
  Logic Optimization:                  0.08
  Mapping Optimization:                0.10
  -----------------------------------------
  Overall Compile Time:                0.52
  Overall Compile Wall Clock Time:     0.74

  --------------------------------------------------------------------

  Design  WNS: 0.00  TNS: 0.00  Number of Violating Paths: 0


  Design (Hold)  WNS: 0.00  TNS: 0.00  Number of Violating Paths: 0

  --------------------------------------------------------------------


1