****************************************
Report : area
Design : carryLookAhead
Version: U-2022.12-SP7
Date   : Tue Dec 12 19:39:18 2023
****************************************

Information: Updating design information... (UID-85)
Library(s) Used:

    saed90nm_typ_ht (File: /home/user28/Downloads/lookAheadAdder/ref/models/saed90nm_typ_ht.db)

Number of ports:                          259
Number of nets:                           356
Number of cells:                          195
Number of combinational cells:            162
Number of sequential cells:                 0
Number of macros/black boxes:               0
Number of buf/inv:                          0
Number of references:                      37

Combinational area:               1913.241599
Buf/Inv area:                        0.000000
Noncombinational area:               0.000000
Macro/Black Box area:                0.000000
Net Interconnect area:              79.248852

Total cell area:                  1913.241599
Total area:                       1992.490451
1