****************************************
Report : timing
        -path full
        -delay max
        -max_paths 10
Design : carryLookAhead
Version: U-2022.12-SP7
Date   : Tue Dec 12 19:39:18 2023
****************************************

Operating Conditions: TYPICAL   Library: saed90nm_typ_ht
Wire Load Model Mode: enclosed

  Startpoint: A[0] (input port)
  Endpoint: overFlow (output port)
  Path Group: (none)
  Path Type: max

  Des/Clust/Port     Wire Load Model       Library
  ------------------------------------------------
  carryLookAhead     8000                  saed90nm_typ_ht

  Point                                                   Incr       Path
  --------------------------------------------------------------------------
  input external delay                                    1.00       1.00 f
  A[0] (in)                                               0.00       1.00 f
  U133/Q (OR2X1)                                          0.16       1.16 f
  U132/Q (AO22X1)                                         0.18       1.34 f
  U131/Q (OR2X1)                                          0.16       1.51 f
  U130/Q (AO22X1)                                         0.18       1.69 f
  U129/Q (OR2X1)                                          0.16       1.85 f
  U128/Q (AO22X1)                                         0.18       2.04 f
  U127/Q (OR2X1)                                          0.16       2.20 f
  U126/Q (AO22X1)                                         0.18       2.38 f
  U125/Q (OR2X1)                                          0.16       2.54 f
  U124/Q (AO22X1)                                         0.18       2.73 f
  U123/Q (OR2X1)                                          0.16       2.89 f
  U122/Q (AO22X1)                                         0.18       3.07 f
  U121/Q (OR2X1)                                          0.16       3.23 f
  U120/Q (AO22X1)                                         0.18       3.42 f
  U119/Q (OR2X1)                                          0.16       3.58 f
  U118/Q (AO22X1)                                         0.18       3.76 f
  U117/Q (OR2X1)                                          0.16       3.92 f
  U116/Q (AO22X1)                                         0.18       4.11 f
  U115/Q (OR2X1)                                          0.16       4.27 f
  U114/Q (AO22X1)                                         0.18       4.45 f
  U113/Q (OR2X1)                                          0.16       4.61 f
  U112/Q (AO22X1)                                         0.18       4.80 f
  U111/Q (OR2X1)                                          0.16       4.96 f
  U110/Q (AO22X1)                                         0.18       5.14 f
  U109/Q (OR2X1)                                          0.16       5.31 f
  U108/Q (AO22X1)                                         0.18       5.49 f
  U107/Q (OR2X1)                                          0.16       5.65 f
  U106/Q (AO22X1)                                         0.18       5.83 f
  U105/Q (OR2X1)                                          0.16       6.00 f
  U104/Q (AO22X1)                                         0.18       6.18 f
  U103/Q (OR2X1)                                          0.16       6.34 f
  U102/Q (AO22X1)                                         0.18       6.53 f
  U101/Q (OR2X1)                                          0.16       6.69 f
  U100/Q (AO22X1)                                         0.18       6.87 f
  U99/Q (OR2X1)                                           0.16       7.03 f
  U98/Q (AO22X1)                                          0.18       7.22 f
  U97/Q (OR2X1)                                           0.16       7.38 f
  U96/Q (AO22X1)                                          0.18       7.56 f
  U95/Q (OR2X1)                                           0.16       7.72 f
  U94/Q (AO22X1)                                          0.18       7.91 f
  U93/Q (OR2X1)                                           0.16       8.07 f
  U92/Q (AO22X1)                                          0.18       8.25 f
  U91/Q (OR2X1)                                           0.16       8.41 f
  U90/Q (AO22X1)                                          0.18       8.60 f
  U89/Q (OR2X1)                                           0.16       8.76 f
  U88/Q (AO22X1)                                          0.18       8.94 f
  U87/Q (OR2X1)                                           0.16       9.10 f
  U86/Q (AO22X1)                                          0.18       9.29 f
  U85/Q (OR2X1)                                           0.16       9.45 f
  U84/Q (AO22X1)                                          0.18       9.63 f
  U83/Q (OR2X1)                                           0.16       9.79 f
  U82/Q (AO22X1)                                          0.18       9.98 f
  U81/Q (OR2X1)                                           0.16      10.14 f
  U80/Q (AO22X1)                                          0.18      10.32 f
  U79/Q (OR2X1)                                           0.16      10.49 f
  U78/Q (AO22X1)                                          0.18      10.67 f
  U77/Q (OR2X1)                                           0.16      10.83 f
  U76/Q (AO22X1)                                          0.18      11.01 f
  U75/Q (OR2X1)                                           0.16      11.18 f
  U74/Q (AO22X1)                                          0.18      11.36 f
  U73/Q (OR2X1)                                           0.16      11.52 f
  U72/Q (AO22X1)                                          0.18      11.70 f
  gen_full_adders[31].FA/Cin (fullAdder_1)                0.00      11.70 f
  gen_full_adders[31].FA/U1/Q (XOR2X1)                    0.26      11.96 f
  gen_full_adders[31].FA/Sum (fullAdder_1)                0.00      11.96 f
  U69/Q (XNOR2X1)                                         0.25      12.20 f
  U68/QN (NOR2X0)                                         0.16      12.36 r
  overFlow (out)                                          0.22      12.58 r
  data arrival time                                                 12.58
  --------------------------------------------------------------------------
  (Path is unconstrained)


  Startpoint: A[0] (input port)
  Endpoint: S[31] (output port)
  Path Group: (none)
  Path Type: max

  Des/Clust/Port     Wire Load Model       Library
  ------------------------------------------------
  carryLookAhead     8000                  saed90nm_typ_ht

  Point                                                   Incr       Path
  --------------------------------------------------------------------------
  input external delay                                    1.00       1.00 f
  A[0] (in)                                               0.00       1.00 f
  U133/Q (OR2X1)                                          0.16       1.16 f
  U132/Q (AO22X1)                                         0.18       1.34 f
  U131/Q (OR2X1)                                          0.16       1.51 f
  U130/Q (AO22X1)                                         0.18       1.69 f
  U129/Q (OR2X1)                                          0.16       1.85 f
  U128/Q (AO22X1)                                         0.18       2.04 f
  U127/Q (OR2X1)                                          0.16       2.20 f
  U126/Q (AO22X1)                                         0.18       2.38 f
  U125/Q (OR2X1)                                          0.16       2.54 f
  U124/Q (AO22X1)                                         0.18       2.73 f
  U123/Q (OR2X1)                                          0.16       2.89 f
  U122/Q (AO22X1)                                         0.18       3.07 f
  U121/Q (OR2X1)                                          0.16       3.23 f
  U120/Q (AO22X1)                                         0.18       3.42 f
  U119/Q (OR2X1)                                          0.16       3.58 f
  U118/Q (AO22X1)                                         0.18       3.76 f
  U117/Q (OR2X1)                                          0.16       3.92 f
  U116/Q (AO22X1)                                         0.18       4.11 f
  U115/Q (OR2X1)                                          0.16       4.27 f
  U114/Q (AO22X1)                                         0.18       4.45 f
  U113/Q (OR2X1)                                          0.16       4.61 f
  U112/Q (AO22X1)                                         0.18       4.80 f
  U111/Q (OR2X1)                                          0.16       4.96 f
  U110/Q (AO22X1)                                         0.18       5.14 f
  U109/Q (OR2X1)                                          0.16       5.31 f
  U108/Q (AO22X1)                                         0.18       5.49 f
  U107/Q (OR2X1)                                          0.16       5.65 f
  U106/Q (AO22X1)                                         0.18       5.83 f
  U105/Q (OR2X1)                                          0.16       6.00 f
  U104/Q (AO22X1)                                         0.18       6.18 f
  U103/Q (OR2X1)                                          0.16       6.34 f
  U102/Q (AO22X1)                                         0.18       6.53 f
  U101/Q (OR2X1)                                          0.16       6.69 f
  U100/Q (AO22X1)                                         0.18       6.87 f
  U99/Q (OR2X1)                                           0.16       7.03 f
  U98/Q (AO22X1)                                          0.18       7.22 f
  U97/Q (OR2X1)                                           0.16       7.38 f
  U96/Q (AO22X1)                                          0.18       7.56 f
  U95/Q (OR2X1)                                           0.16       7.72 f
  U94/Q (AO22X1)                                          0.18       7.91 f
  U93/Q (OR2X1)                                           0.16       8.07 f
  U92/Q (AO22X1)                                          0.18       8.25 f
  U91/Q (OR2X1)                                           0.16       8.41 f
  U90/Q (AO22X1)                                          0.18       8.60 f
  U89/Q (OR2X1)                                           0.16       8.76 f
  U88/Q (AO22X1)                                          0.18       8.94 f
  U87/Q (OR2X1)                                           0.16       9.10 f
  U86/Q (AO22X1)                                          0.18       9.29 f
  U85/Q (OR2X1)                                           0.16       9.45 f
  U84/Q (AO22X1)                                          0.18       9.63 f
  U83/Q (OR2X1)                                           0.16       9.79 f
  U82/Q (AO22X1)                                          0.18       9.98 f
  U81/Q (OR2X1)                                           0.16      10.14 f
  U80/Q (AO22X1)                                          0.18      10.32 f
  U79/Q (OR2X1)                                           0.16      10.49 f
  U78/Q (AO22X1)                                          0.18      10.67 f
  U77/Q (OR2X1)                                           0.16      10.83 f
  U76/Q (AO22X1)                                          0.18      11.01 f
  U75/Q (OR2X1)                                           0.16      11.18 f
  U74/Q (AO22X1)                                          0.18      11.36 f
  U73/Q (OR2X1)                                           0.16      11.52 f
  U72/Q (AO22X1)                                          0.18      11.70 f
  gen_full_adders[31].FA/Cin (fullAdder_1)                0.00      11.70 f
  gen_full_adders[31].FA/U1/Q (XOR2X1)                    0.26      11.96 f
  gen_full_adders[31].FA/Sum (fullAdder_1)                0.00      11.96 f
  S[31] (out)                                             0.25      12.21 f
  data arrival time                                                 12.21
  --------------------------------------------------------------------------
  (Path is unconstrained)


  Startpoint: A[0] (input port)
  Endpoint: Cout (output port)
  Path Group: (none)
  Path Type: max

  Des/Clust/Port     Wire Load Model       Library
  ------------------------------------------------
  carryLookAhead     8000                  saed90nm_typ_ht

  Point                                    Incr       Path
  -----------------------------------------------------------
  input external delay                     1.00       1.00 f
  A[0] (in)                                0.00       1.00 f
  U133/Q (OR2X1)                           0.16       1.16 f
  U132/Q (AO22X1)                          0.18       1.34 f
  U131/Q (OR2X1)                           0.16       1.51 f
  U130/Q (AO22X1)                          0.18       1.69 f
  U129/Q (OR2X1)                           0.16       1.85 f
  U128/Q (AO22X1)                          0.18       2.04 f
  U127/Q (OR2X1)                           0.16       2.20 f
  U126/Q (AO22X1)                          0.18       2.38 f
  U125/Q (OR2X1)                           0.16       2.54 f
  U124/Q (AO22X1)                          0.18       2.73 f
  U123/Q (OR2X1)                           0.16       2.89 f
  U122/Q (AO22X1)                          0.18       3.07 f
  U121/Q (OR2X1)                           0.16       3.23 f
  U120/Q (AO22X1)                          0.18       3.42 f
  U119/Q (OR2X1)                           0.16       3.58 f
  U118/Q (AO22X1)                          0.18       3.76 f
  U117/Q (OR2X1)                           0.16       3.92 f
  U116/Q (AO22X1)                          0.18       4.11 f
  U115/Q (OR2X1)                           0.16       4.27 f
  U114/Q (AO22X1)                          0.18       4.45 f
  U113/Q (OR2X1)                           0.16       4.61 f
  U112/Q (AO22X1)                          0.18       4.80 f
  U111/Q (OR2X1)                           0.16       4.96 f
  U110/Q (AO22X1)                          0.18       5.14 f
  U109/Q (OR2X1)                           0.16       5.31 f
  U108/Q (AO22X1)                          0.18       5.49 f
  U107/Q (OR2X1)                           0.16       5.65 f
  U106/Q (AO22X1)                          0.18       5.83 f
  U105/Q (OR2X1)                           0.16       6.00 f
  U104/Q (AO22X1)                          0.18       6.18 f
  U103/Q (OR2X1)                           0.16       6.34 f
  U102/Q (AO22X1)                          0.18       6.53 f
  U101/Q (OR2X1)                           0.16       6.69 f
  U100/Q (AO22X1)                          0.18       6.87 f
  U99/Q (OR2X1)                            0.16       7.03 f
  U98/Q (AO22X1)                           0.18       7.22 f
  U97/Q (OR2X1)                            0.16       7.38 f
  U96/Q (AO22X1)                           0.18       7.56 f
  U95/Q (OR2X1)                            0.16       7.72 f
  U94/Q (AO22X1)                           0.18       7.91 f
  U93/Q (OR2X1)                            0.16       8.07 f
  U92/Q (AO22X1)                           0.18       8.25 f
  U91/Q (OR2X1)                            0.16       8.41 f
  U90/Q (AO22X1)                           0.18       8.60 f
  U89/Q (OR2X1)                            0.16       8.76 f
  U88/Q (AO22X1)                           0.18       8.94 f
  U87/Q (OR2X1)                            0.16       9.10 f
  U86/Q (AO22X1)                           0.18       9.29 f
  U85/Q (OR2X1)                            0.16       9.45 f
  U84/Q (AO22X1)                           0.18       9.63 f
  U83/Q (OR2X1)                            0.16       9.79 f
  U82/Q (AO22X1)                           0.18       9.98 f
  U81/Q (OR2X1)                            0.16      10.14 f
  U80/Q (AO22X1)                           0.18      10.32 f
  U79/Q (OR2X1)                            0.16      10.49 f
  U78/Q (AO22X1)                           0.18      10.67 f
  U77/Q (OR2X1)                            0.16      10.83 f
  U76/Q (AO22X1)                           0.18      11.01 f
  U75/Q (OR2X1)                            0.16      11.18 f
  U74/Q (AO22X1)                           0.18      11.36 f
  U73/Q (OR2X1)                            0.16      11.52 f
  U72/Q (AO22X1)                           0.18      11.70 f
  U70/Q (AO22X1)                           0.20      11.90 f
  Cout (out)                               0.22      12.12 f
  data arrival time                                  12.12
  -----------------------------------------------------------
  (Path is unconstrained)


  Startpoint: A[0] (input port)
  Endpoint: S[30] (output port)
  Path Group: (none)
  Path Type: max

  Des/Clust/Port     Wire Load Model       Library
  ------------------------------------------------
  carryLookAhead     8000                  saed90nm_typ_ht

  Point                                                   Incr       Path
  --------------------------------------------------------------------------
  input external delay                                    1.00       1.00 f
  A[0] (in)                                               0.00       1.00 f
  U133/Q (OR2X1)                                          0.16       1.16 f
  U132/Q (AO22X1)                                         0.18       1.34 f
  U131/Q (OR2X1)                                          0.16       1.51 f
  U130/Q (AO22X1)                                         0.18       1.69 f
  U129/Q (OR2X1)                                          0.16       1.85 f
  U128/Q (AO22X1)                                         0.18       2.04 f
  U127/Q (OR2X1)                                          0.16       2.20 f
  U126/Q (AO22X1)                                         0.18       2.38 f
  U125/Q (OR2X1)                                          0.16       2.54 f
  U124/Q (AO22X1)                                         0.18       2.73 f
  U123/Q (OR2X1)                                          0.16       2.89 f
  U122/Q (AO22X1)                                         0.18       3.07 f
  U121/Q (OR2X1)                                          0.16       3.23 f
  U120/Q (AO22X1)                                         0.18       3.42 f
  U119/Q (OR2X1)                                          0.16       3.58 f
  U118/Q (AO22X1)                                         0.18       3.76 f
  U117/Q (OR2X1)                                          0.16       3.92 f
  U116/Q (AO22X1)                                         0.18       4.11 f
  U115/Q (OR2X1)                                          0.16       4.27 f
  U114/Q (AO22X1)                                         0.18       4.45 f
  U113/Q (OR2X1)                                          0.16       4.61 f
  U112/Q (AO22X1)                                         0.18       4.80 f
  U111/Q (OR2X1)                                          0.16       4.96 f
  U110/Q (AO22X1)                                         0.18       5.14 f
  U109/Q (OR2X1)                                          0.16       5.31 f
  U108/Q (AO22X1)                                         0.18       5.49 f
  U107/Q (OR2X1)                                          0.16       5.65 f
  U106/Q (AO22X1)                                         0.18       5.83 f
  U105/Q (OR2X1)                                          0.16       6.00 f
  U104/Q (AO22X1)                                         0.18       6.18 f
  U103/Q (OR2X1)                                          0.16       6.34 f
  U102/Q (AO22X1)                                         0.18       6.53 f
  U101/Q (OR2X1)                                          0.16       6.69 f
  U100/Q (AO22X1)                                         0.18       6.87 f
  U99/Q (OR2X1)                                           0.16       7.03 f
  U98/Q (AO22X1)                                          0.18       7.22 f
  U97/Q (OR2X1)                                           0.16       7.38 f
  U96/Q (AO22X1)                                          0.18       7.56 f
  U95/Q (OR2X1)                                           0.16       7.72 f
  U94/Q (AO22X1)                                          0.18       7.91 f
  U93/Q (OR2X1)                                           0.16       8.07 f
  U92/Q (AO22X1)                                          0.18       8.25 f
  U91/Q (OR2X1)                                           0.16       8.41 f
  U90/Q (AO22X1)                                          0.18       8.60 f
  U89/Q (OR2X1)                                           0.16       8.76 f
  U88/Q (AO22X1)                                          0.18       8.94 f
  U87/Q (OR2X1)                                           0.16       9.10 f
  U86/Q (AO22X1)                                          0.18       9.29 f
  U85/Q (OR2X1)                                           0.16       9.45 f
  U84/Q (AO22X1)                                          0.18       9.63 f
  U83/Q (OR2X1)                                           0.16       9.79 f
  U82/Q (AO22X1)                                          0.18       9.98 f
  U81/Q (OR2X1)                                           0.16      10.14 f
  U80/Q (AO22X1)                                          0.18      10.32 f
  U79/Q (OR2X1)                                           0.16      10.49 f
  U78/Q (AO22X1)                                          0.18      10.67 f
  U77/Q (OR2X1)                                           0.16      10.83 f
  U76/Q (AO22X1)                                          0.18      11.01 f
  U75/Q (OR2X1)                                           0.16      11.18 f
  U74/Q (AO22X1)                                          0.18      11.36 f
  gen_full_adders[30].FA/Cin (fullAdder_2)                0.00      11.36 f
  gen_full_adders[30].FA/U1/Q (XOR2X1)                    0.26      11.62 f
  gen_full_adders[30].FA/Sum (fullAdder_2)                0.00      11.62 f
  S[30] (out)                                             0.22      11.84 f
  data arrival time                                                 11.84
  --------------------------------------------------------------------------
  (Path is unconstrained)


  Startpoint: A[0] (input port)
  Endpoint: S[29] (output port)
  Path Group: (none)
  Path Type: max

  Des/Clust/Port     Wire Load Model       Library
  ------------------------------------------------
  carryLookAhead     8000                  saed90nm_typ_ht

  Point                                                   Incr       Path
  --------------------------------------------------------------------------
  input external delay                                    1.00       1.00 f
  A[0] (in)                                               0.00       1.00 f
  U133/Q (OR2X1)                                          0.16       1.16 f
  U132/Q (AO22X1)                                         0.18       1.34 f
  U131/Q (OR2X1)                                          0.16       1.51 f
  U130/Q (AO22X1)                                         0.18       1.69 f
  U129/Q (OR2X1)                                          0.16       1.85 f
  U128/Q (AO22X1)                                         0.18       2.04 f
  U127/Q (OR2X1)                                          0.16       2.20 f
  U126/Q (AO22X1)                                         0.18       2.38 f
  U125/Q (OR2X1)                                          0.16       2.54 f
  U124/Q (AO22X1)                                         0.18       2.73 f
  U123/Q (OR2X1)                                          0.16       2.89 f
  U122/Q (AO22X1)                                         0.18       3.07 f
  U121/Q (OR2X1)                                          0.16       3.23 f
  U120/Q (AO22X1)                                         0.18       3.42 f
  U119/Q (OR2X1)                                          0.16       3.58 f
  U118/Q (AO22X1)                                         0.18       3.76 f
  U117/Q (OR2X1)                                          0.16       3.92 f
  U116/Q (AO22X1)                                         0.18       4.11 f
  U115/Q (OR2X1)                                          0.16       4.27 f
  U114/Q (AO22X1)                                         0.18       4.45 f
  U113/Q (OR2X1)                                          0.16       4.61 f
  U112/Q (AO22X1)                                         0.18       4.80 f
  U111/Q (OR2X1)                                          0.16       4.96 f
  U110/Q (AO22X1)                                         0.18       5.14 f
  U109/Q (OR2X1)                                          0.16       5.31 f
  U108/Q (AO22X1)                                         0.18       5.49 f
  U107/Q (OR2X1)                                          0.16       5.65 f
  U106/Q (AO22X1)                                         0.18       5.83 f
  U105/Q (OR2X1)                                          0.16       6.00 f
  U104/Q (AO22X1)                                         0.18       6.18 f
  U103/Q (OR2X1)                                          0.16       6.34 f
  U102/Q (AO22X1)                                         0.18       6.53 f
  U101/Q (OR2X1)                                          0.16       6.69 f
  U100/Q (AO22X1)                                         0.18       6.87 f
  U99/Q (OR2X1)                                           0.16       7.03 f
  U98/Q (AO22X1)                                          0.18       7.22 f
  U97/Q (OR2X1)                                           0.16       7.38 f
  U96/Q (AO22X1)                                          0.18       7.56 f
  U95/Q (OR2X1)                                           0.16       7.72 f
  U94/Q (AO22X1)                                          0.18       7.91 f
  U93/Q (OR2X1)                                           0.16       8.07 f
  U92/Q (AO22X1)                                          0.18       8.25 f
  U91/Q (OR2X1)                                           0.16       8.41 f
  U90/Q (AO22X1)                                          0.18       8.60 f
  U89/Q (OR2X1)                                           0.16       8.76 f
  U88/Q (AO22X1)                                          0.18       8.94 f
  U87/Q (OR2X1)                                           0.16       9.10 f
  U86/Q (AO22X1)                                          0.18       9.29 f
  U85/Q (OR2X1)                                           0.16       9.45 f
  U84/Q (AO22X1)                                          0.18       9.63 f
  U83/Q (OR2X1)                                           0.16       9.79 f
  U82/Q (AO22X1)                                          0.18       9.98 f
  U81/Q (OR2X1)                                           0.16      10.14 f
  U80/Q (AO22X1)                                          0.18      10.32 f
  U79/Q (OR2X1)                                           0.16      10.49 f
  U78/Q (AO22X1)                                          0.18      10.67 f
  U77/Q (OR2X1)                                           0.16      10.83 f
  U76/Q (AO22X1)                                          0.18      11.01 f
  gen_full_adders[29].FA/Cin (fullAdder_3)                0.00      11.01 f
  gen_full_adders[29].FA/U1/Q (XOR2X1)                    0.26      11.27 f
  gen_full_adders[29].FA/Sum (fullAdder_3)                0.00      11.27 f
  S[29] (out)                                             0.22      11.49 f
  data arrival time                                                 11.49
  --------------------------------------------------------------------------
  (Path is unconstrained)


  Startpoint: A[0] (input port)
  Endpoint: S[28] (output port)
  Path Group: (none)
  Path Type: max

  Des/Clust/Port     Wire Load Model       Library
  ------------------------------------------------
  carryLookAhead     8000                  saed90nm_typ_ht

  Point                                                   Incr       Path
  --------------------------------------------------------------------------
  input external delay                                    1.00       1.00 f
  A[0] (in)                                               0.00       1.00 f
  U133/Q (OR2X1)                                          0.16       1.16 f
  U132/Q (AO22X1)                                         0.18       1.34 f
  U131/Q (OR2X1)                                          0.16       1.51 f
  U130/Q (AO22X1)                                         0.18       1.69 f
  U129/Q (OR2X1)                                          0.16       1.85 f
  U128/Q (AO22X1)                                         0.18       2.04 f
  U127/Q (OR2X1)                                          0.16       2.20 f
  U126/Q (AO22X1)                                         0.18       2.38 f
  U125/Q (OR2X1)                                          0.16       2.54 f
  U124/Q (AO22X1)                                         0.18       2.73 f
  U123/Q (OR2X1)                                          0.16       2.89 f
  U122/Q (AO22X1)                                         0.18       3.07 f
  U121/Q (OR2X1)                                          0.16       3.23 f
  U120/Q (AO22X1)                                         0.18       3.42 f
  U119/Q (OR2X1)                                          0.16       3.58 f
  U118/Q (AO22X1)                                         0.18       3.76 f
  U117/Q (OR2X1)                                          0.16       3.92 f
  U116/Q (AO22X1)                                         0.18       4.11 f
  U115/Q (OR2X1)                                          0.16       4.27 f
  U114/Q (AO22X1)                                         0.18       4.45 f
  U113/Q (OR2X1)                                          0.16       4.61 f
  U112/Q (AO22X1)                                         0.18       4.80 f
  U111/Q (OR2X1)                                          0.16       4.96 f
  U110/Q (AO22X1)                                         0.18       5.14 f
  U109/Q (OR2X1)                                          0.16       5.31 f
  U108/Q (AO22X1)                                         0.18       5.49 f
  U107/Q (OR2X1)                                          0.16       5.65 f
  U106/Q (AO22X1)                                         0.18       5.83 f
  U105/Q (OR2X1)                                          0.16       6.00 f
  U104/Q (AO22X1)                                         0.18       6.18 f
  U103/Q (OR2X1)                                          0.16       6.34 f
  U102/Q (AO22X1)                                         0.18       6.53 f
  U101/Q (OR2X1)                                          0.16       6.69 f
  U100/Q (AO22X1)                                         0.18       6.87 f
  U99/Q (OR2X1)                                           0.16       7.03 f
  U98/Q (AO22X1)                                          0.18       7.22 f
  U97/Q (OR2X1)                                           0.16       7.38 f
  U96/Q (AO22X1)                                          0.18       7.56 f
  U95/Q (OR2X1)                                           0.16       7.72 f
  U94/Q (AO22X1)                                          0.18       7.91 f
  U93/Q (OR2X1)                                           0.16       8.07 f
  U92/Q (AO22X1)                                          0.18       8.25 f
  U91/Q (OR2X1)                                           0.16       8.41 f
  U90/Q (AO22X1)                                          0.18       8.60 f
  U89/Q (OR2X1)                                           0.16       8.76 f
  U88/Q (AO22X1)                                          0.18       8.94 f
  U87/Q (OR2X1)                                           0.16       9.10 f
  U86/Q (AO22X1)                                          0.18       9.29 f
  U85/Q (OR2X1)                                           0.16       9.45 f
  U84/Q (AO22X1)                                          0.18       9.63 f
  U83/Q (OR2X1)                                           0.16       9.79 f
  U82/Q (AO22X1)                                          0.18       9.98 f
  U81/Q (OR2X1)                                           0.16      10.14 f
  U80/Q (AO22X1)                                          0.18      10.32 f
  U79/Q (OR2X1)                                           0.16      10.49 f
  U78/Q (AO22X1)                                          0.18      10.67 f
  gen_full_adders[28].FA/Cin (fullAdder_4)                0.00      10.67 f
  gen_full_adders[28].FA/U1/Q (XOR2X1)                    0.26      10.93 f
  gen_full_adders[28].FA/Sum (fullAdder_4)                0.00      10.93 f
  S[28] (out)                                             0.22      11.15 f
  data arrival time                                                 11.15
  --------------------------------------------------------------------------
  (Path is unconstrained)


  Startpoint: A[0] (input port)
  Endpoint: S[27] (output port)
  Path Group: (none)
  Path Type: max

  Des/Clust/Port     Wire Load Model       Library
  ------------------------------------------------
  carryLookAhead     8000                  saed90nm_typ_ht

  Point                                                   Incr       Path
  --------------------------------------------------------------------------
  input external delay                                    1.00       1.00 f
  A[0] (in)                                               0.00       1.00 f
  U133/Q (OR2X1)                                          0.16       1.16 f
  U132/Q (AO22X1)                                         0.18       1.34 f
  U131/Q (OR2X1)                                          0.16       1.51 f
  U130/Q (AO22X1)                                         0.18       1.69 f
  U129/Q (OR2X1)                                          0.16       1.85 f
  U128/Q (AO22X1)                                         0.18       2.04 f
  U127/Q (OR2X1)                                          0.16       2.20 f
  U126/Q (AO22X1)                                         0.18       2.38 f
  U125/Q (OR2X1)                                          0.16       2.54 f
  U124/Q (AO22X1)                                         0.18       2.73 f
  U123/Q (OR2X1)                                          0.16       2.89 f
  U122/Q (AO22X1)                                         0.18       3.07 f
  U121/Q (OR2X1)                                          0.16       3.23 f
  U120/Q (AO22X1)                                         0.18       3.42 f
  U119/Q (OR2X1)                                          0.16       3.58 f
  U118/Q (AO22X1)                                         0.18       3.76 f
  U117/Q (OR2X1)                                          0.16       3.92 f
  U116/Q (AO22X1)                                         0.18       4.11 f
  U115/Q (OR2X1)                                          0.16       4.27 f
  U114/Q (AO22X1)                                         0.18       4.45 f
  U113/Q (OR2X1)                                          0.16       4.61 f
  U112/Q (AO22X1)                                         0.18       4.80 f
  U111/Q (OR2X1)                                          0.16       4.96 f
  U110/Q (AO22X1)                                         0.18       5.14 f
  U109/Q (OR2X1)                                          0.16       5.31 f
  U108/Q (AO22X1)                                         0.18       5.49 f
  U107/Q (OR2X1)                                          0.16       5.65 f
  U106/Q (AO22X1)                                         0.18       5.83 f
  U105/Q (OR2X1)                                          0.16       6.00 f
  U104/Q (AO22X1)                                         0.18       6.18 f
  U103/Q (OR2X1)                                          0.16       6.34 f
  U102/Q (AO22X1)                                         0.18       6.53 f
  U101/Q (OR2X1)                                          0.16       6.69 f
  U100/Q (AO22X1)                                         0.18       6.87 f
  U99/Q (OR2X1)                                           0.16       7.03 f
  U98/Q (AO22X1)                                          0.18       7.22 f
  U97/Q (OR2X1)                                           0.16       7.38 f
  U96/Q (AO22X1)                                          0.18       7.56 f
  U95/Q (OR2X1)                                           0.16       7.72 f
  U94/Q (AO22X1)                                          0.18       7.91 f
  U93/Q (OR2X1)                                           0.16       8.07 f
  U92/Q (AO22X1)                                          0.18       8.25 f
  U91/Q (OR2X1)                                           0.16       8.41 f
  U90/Q (AO22X1)                                          0.18       8.60 f
  U89/Q (OR2X1)                                           0.16       8.76 f
  U88/Q (AO22X1)                                          0.18       8.94 f
  U87/Q (OR2X1)                                           0.16       9.10 f
  U86/Q (AO22X1)                                          0.18       9.29 f
  U85/Q (OR2X1)                                           0.16       9.45 f
  U84/Q (AO22X1)                                          0.18       9.63 f
  U83/Q (OR2X1)                                           0.16       9.79 f
  U82/Q (AO22X1)                                          0.18       9.98 f
  U81/Q (OR2X1)                                           0.16      10.14 f
  U80/Q (AO22X1)                                          0.18      10.32 f
  gen_full_adders[27].FA/Cin (fullAdder_5)                0.00      10.32 f
  gen_full_adders[27].FA/U1/Q (XOR2X1)                    0.26      10.58 f
  gen_full_adders[27].FA/Sum (fullAdder_5)                0.00      10.58 f
  S[27] (out)                                             0.22      10.80 f
  data arrival time                                                 10.80
  --------------------------------------------------------------------------
  (Path is unconstrained)


  Startpoint: A[0] (input port)
  Endpoint: S[26] (output port)
  Path Group: (none)
  Path Type: max

  Des/Clust/Port     Wire Load Model       Library
  ------------------------------------------------
  carryLookAhead     8000                  saed90nm_typ_ht

  Point                                                   Incr       Path
  --------------------------------------------------------------------------
  input external delay                                    1.00       1.00 f
  A[0] (in)                                               0.00       1.00 f
  U133/Q (OR2X1)                                          0.16       1.16 f
  U132/Q (AO22X1)                                         0.18       1.34 f
  U131/Q (OR2X1)                                          0.16       1.51 f
  U130/Q (AO22X1)                                         0.18       1.69 f
  U129/Q (OR2X1)                                          0.16       1.85 f
  U128/Q (AO22X1)                                         0.18       2.04 f
  U127/Q (OR2X1)                                          0.16       2.20 f
  U126/Q (AO22X1)                                         0.18       2.38 f
  U125/Q (OR2X1)                                          0.16       2.54 f
  U124/Q (AO22X1)                                         0.18       2.73 f
  U123/Q (OR2X1)                                          0.16       2.89 f
  U122/Q (AO22X1)                                         0.18       3.07 f
  U121/Q (OR2X1)                                          0.16       3.23 f
  U120/Q (AO22X1)                                         0.18       3.42 f
  U119/Q (OR2X1)                                          0.16       3.58 f
  U118/Q (AO22X1)                                         0.18       3.76 f
  U117/Q (OR2X1)                                          0.16       3.92 f
  U116/Q (AO22X1)                                         0.18       4.11 f
  U115/Q (OR2X1)                                          0.16       4.27 f
  U114/Q (AO22X1)                                         0.18       4.45 f
  U113/Q (OR2X1)                                          0.16       4.61 f
  U112/Q (AO22X1)                                         0.18       4.80 f
  U111/Q (OR2X1)                                          0.16       4.96 f
  U110/Q (AO22X1)                                         0.18       5.14 f
  U109/Q (OR2X1)                                          0.16       5.31 f
  U108/Q (AO22X1)                                         0.18       5.49 f
  U107/Q (OR2X1)                                          0.16       5.65 f
  U106/Q (AO22X1)                                         0.18       5.83 f
  U105/Q (OR2X1)                                          0.16       6.00 f
  U104/Q (AO22X1)                                         0.18       6.18 f
  U103/Q (OR2X1)                                          0.16       6.34 f
  U102/Q (AO22X1)                                         0.18       6.53 f
  U101/Q (OR2X1)                                          0.16       6.69 f
  U100/Q (AO22X1)                                         0.18       6.87 f
  U99/Q (OR2X1)                                           0.16       7.03 f
  U98/Q (AO22X1)                                          0.18       7.22 f
  U97/Q (OR2X1)                                           0.16       7.38 f
  U96/Q (AO22X1)                                          0.18       7.56 f
  U95/Q (OR2X1)                                           0.16       7.72 f
  U94/Q (AO22X1)                                          0.18       7.91 f
  U93/Q (OR2X1)                                           0.16       8.07 f
  U92/Q (AO22X1)                                          0.18       8.25 f
  U91/Q (OR2X1)                                           0.16       8.41 f
  U90/Q (AO22X1)                                          0.18       8.60 f
  U89/Q (OR2X1)                                           0.16       8.76 f
  U88/Q (AO22X1)                                          0.18       8.94 f
  U87/Q (OR2X1)                                           0.16       9.10 f
  U86/Q (AO22X1)                                          0.18       9.29 f
  U85/Q (OR2X1)                                           0.16       9.45 f
  U84/Q (AO22X1)                                          0.18       9.63 f
  U83/Q (OR2X1)                                           0.16       9.79 f
  U82/Q (AO22X1)                                          0.18       9.98 f
  gen_full_adders[26].FA/Cin (fullAdder_6)                0.00       9.98 f
  gen_full_adders[26].FA/U1/Q (XOR2X1)                    0.26      10.24 f
  gen_full_adders[26].FA/Sum (fullAdder_6)                0.00      10.24 f
  S[26] (out)                                             0.22      10.46 f
  data arrival time                                                 10.46
  --------------------------------------------------------------------------
  (Path is unconstrained)


  Startpoint: A[0] (input port)
  Endpoint: S[25] (output port)
  Path Group: (none)
  Path Type: max

  Des/Clust/Port     Wire Load Model       Library
  ------------------------------------------------
  carryLookAhead     8000                  saed90nm_typ_ht

  Point                                                   Incr       Path
  --------------------------------------------------------------------------
  input external delay                                    1.00       1.00 f
  A[0] (in)                                               0.00       1.00 f
  U133/Q (OR2X1)                                          0.16       1.16 f
  U132/Q (AO22X1)                                         0.18       1.34 f
  U131/Q (OR2X1)                                          0.16       1.51 f
  U130/Q (AO22X1)                                         0.18       1.69 f
  U129/Q (OR2X1)                                          0.16       1.85 f
  U128/Q (AO22X1)                                         0.18       2.04 f
  U127/Q (OR2X1)                                          0.16       2.20 f
  U126/Q (AO22X1)                                         0.18       2.38 f
  U125/Q (OR2X1)                                          0.16       2.54 f
  U124/Q (AO22X1)                                         0.18       2.73 f
  U123/Q (OR2X1)                                          0.16       2.89 f
  U122/Q (AO22X1)                                         0.18       3.07 f
  U121/Q (OR2X1)                                          0.16       3.23 f
  U120/Q (AO22X1)                                         0.18       3.42 f
  U119/Q (OR2X1)                                          0.16       3.58 f
  U118/Q (AO22X1)                                         0.18       3.76 f
  U117/Q (OR2X1)                                          0.16       3.92 f
  U116/Q (AO22X1)                                         0.18       4.11 f
  U115/Q (OR2X1)                                          0.16       4.27 f
  U114/Q (AO22X1)                                         0.18       4.45 f
  U113/Q (OR2X1)                                          0.16       4.61 f
  U112/Q (AO22X1)                                         0.18       4.80 f
  U111/Q (OR2X1)                                          0.16       4.96 f
  U110/Q (AO22X1)                                         0.18       5.14 f
  U109/Q (OR2X1)                                          0.16       5.31 f
  U108/Q (AO22X1)                                         0.18       5.49 f
  U107/Q (OR2X1)                                          0.16       5.65 f
  U106/Q (AO22X1)                                         0.18       5.83 f
  U105/Q (OR2X1)                                          0.16       6.00 f
  U104/Q (AO22X1)                                         0.18       6.18 f
  U103/Q (OR2X1)                                          0.16       6.34 f
  U102/Q (AO22X1)                                         0.18       6.53 f
  U101/Q (OR2X1)                                          0.16       6.69 f
  U100/Q (AO22X1)                                         0.18       6.87 f
  U99/Q (OR2X1)                                           0.16       7.03 f
  U98/Q (AO22X1)                                          0.18       7.22 f
  U97/Q (OR2X1)                                           0.16       7.38 f
  U96/Q (AO22X1)                                          0.18       7.56 f
  U95/Q (OR2X1)                                           0.16       7.72 f
  U94/Q (AO22X1)                                          0.18       7.91 f
  U93/Q (OR2X1)                                           0.16       8.07 f
  U92/Q (AO22X1)                                          0.18       8.25 f
  U91/Q (OR2X1)                                           0.16       8.41 f
  U90/Q (AO22X1)                                          0.18       8.60 f
  U89/Q (OR2X1)                                           0.16       8.76 f
  U88/Q (AO22X1)                                          0.18       8.94 f
  U87/Q (OR2X1)                                           0.16       9.10 f
  U86/Q (AO22X1)                                          0.18       9.29 f
  U85/Q (OR2X1)                                           0.16       9.45 f
  U84/Q (AO22X1)                                          0.18       9.63 f
  gen_full_adders[25].FA/Cin (fullAdder_7)                0.00       9.63 f
  gen_full_adders[25].FA/U1/Q (XOR2X1)                    0.26       9.89 f
  gen_full_adders[25].FA/Sum (fullAdder_7)                0.00       9.89 f
  S[25] (out)                                             0.22      10.11 f
  data arrival time                                                 10.11
  --------------------------------------------------------------------------
  (Path is unconstrained)


  Startpoint: A[0] (input port)
  Endpoint: S[24] (output port)
  Path Group: (none)
  Path Type: max

  Des/Clust/Port     Wire Load Model       Library
  ------------------------------------------------
  carryLookAhead     8000                  saed90nm_typ_ht

  Point                                                   Incr       Path
  --------------------------------------------------------------------------
  input external delay                                    1.00       1.00 f
  A[0] (in)                                               0.00       1.00 f
  U133/Q (OR2X1)                                          0.16       1.16 f
  U132/Q (AO22X1)                                         0.18       1.34 f
  U131/Q (OR2X1)                                          0.16       1.51 f
  U130/Q (AO22X1)                                         0.18       1.69 f
  U129/Q (OR2X1)                                          0.16       1.85 f
  U128/Q (AO22X1)                                         0.18       2.04 f
  U127/Q (OR2X1)                                          0.16       2.20 f
  U126/Q (AO22X1)                                         0.18       2.38 f
  U125/Q (OR2X1)                                          0.16       2.54 f
  U124/Q (AO22X1)                                         0.18       2.73 f
  U123/Q (OR2X1)                                          0.16       2.89 f
  U122/Q (AO22X1)                                         0.18       3.07 f
  U121/Q (OR2X1)                                          0.16       3.23 f
  U120/Q (AO22X1)                                         0.18       3.42 f
  U119/Q (OR2X1)                                          0.16       3.58 f
  U118/Q (AO22X1)                                         0.18       3.76 f
  U117/Q (OR2X1)                                          0.16       3.92 f
  U116/Q (AO22X1)                                         0.18       4.11 f
  U115/Q (OR2X1)                                          0.16       4.27 f
  U114/Q (AO22X1)                                         0.18       4.45 f
  U113/Q (OR2X1)                                          0.16       4.61 f
  U112/Q (AO22X1)                                         0.18       4.80 f
  U111/Q (OR2X1)                                          0.16       4.96 f
  U110/Q (AO22X1)                                         0.18       5.14 f
  U109/Q (OR2X1)                                          0.16       5.31 f
  U108/Q (AO22X1)                                         0.18       5.49 f
  U107/Q (OR2X1)                                          0.16       5.65 f
  U106/Q (AO22X1)                                         0.18       5.83 f
  U105/Q (OR2X1)                                          0.16       6.00 f
  U104/Q (AO22X1)                                         0.18       6.18 f
  U103/Q (OR2X1)                                          0.16       6.34 f
  U102/Q (AO22X1)                                         0.18       6.53 f
  U101/Q (OR2X1)                                          0.16       6.69 f
  U100/Q (AO22X1)                                         0.18       6.87 f
  U99/Q (OR2X1)                                           0.16       7.03 f
  U98/Q (AO22X1)                                          0.18       7.22 f
  U97/Q (OR2X1)                                           0.16       7.38 f
  U96/Q (AO22X1)                                          0.18       7.56 f
  U95/Q (OR2X1)                                           0.16       7.72 f
  U94/Q (AO22X1)                                          0.18       7.91 f
  U93/Q (OR2X1)                                           0.16       8.07 f
  U92/Q (AO22X1)                                          0.18       8.25 f
  U91/Q (OR2X1)                                           0.16       8.41 f
  U90/Q (AO22X1)                                          0.18       8.60 f
  U89/Q (OR2X1)                                           0.16       8.76 f
  U88/Q (AO22X1)                                          0.18       8.94 f
  U87/Q (OR2X1)                                           0.16       9.10 f
  U86/Q (AO22X1)                                          0.18       9.29 f
  gen_full_adders[24].FA/Cin (fullAdder_8)                0.00       9.29 f
  gen_full_adders[24].FA/U1/Q (XOR2X1)                    0.26       9.55 f
  gen_full_adders[24].FA/Sum (fullAdder_8)                0.00       9.55 f
  S[24] (out)                                             0.22       9.77 f
  data arrival time                                                  9.77
  --------------------------------------------------------------------------
  (Path is unconstrained)


1